{"total": {"lines":{"total":2100,"covered":1726,"skipped":0,"pct":82.19},"statements":{"total":2303,"covered":1831,"skipped":0,"pct":79.5},"functions":{"total":249,"covered":167,"skipped":0,"pct":67.06},"branches":{"total":1137,"covered":768,"skipped":0,"pct":67.54},"branchesTrue":{"total":0,"covered":0,"skipped":0,"pct":100}}
,"D:\\Github\\RGBBox\\src\\engine\\color.ts": {"lines":{"total":30,"covered":30,"skipped":0,"pct":100},"functions":{"total":10,"covered":10,"skipped":0,"pct":100},"statements":{"total":31,"covered":31,"skipped":0,"pct":100},"branches":{"total":19,"covered":19,"skipped":0,"pct":100}}
,"D:\\Github\\RGBBox\\src\\engine\\effects.ts": {"lines":{"total":1093,"covered":1053,"skipped":0,"pct":96.34},"functions":{"total":18,"covered":18,"skipped":0,"pct":100},"statements":{"total":1139,"covered":1085,"skipped":0,"pct":95.25},"branches":{"total":592,"covered":436,"skipped":0,"pct":73.64}}
,"D:\\Github\\RGBBox\\src\\engine\\previewEngine.ts": {"lines":{"total":57,"covered":54,"skipped":0,"pct":94.73},"functions":{"total":5,"covered":5,"skipped":0,"pct":100},"statements":{"total":62,"covered":58,"skipped":0,"pct":93.54},"branches":{"total":50,"covered":45,"skipped":0,"pct":90}}
,"D:\\Github\\RGBBox\\src\\engine\\textRenderer.ts": {"lines":{"total":32,"covered":32,"skipped":0,"pct":100},"functions":{"total":2,"covered":2,"skipped":0,"pct":100},"statements":{"total":39,"covered":39,"skipped":0,"pct":100},"branches":{"total":15,"covered":14,"skipped":0,"pct":93.33}}
,"D:\\Github\\RGBBox\\src\\main\\displayTopology.ts": {"lines":{"total":14,"covered":11,"skipped":0,"pct":78.57},"functions":{"total":9,"covered":9,"skipped":0,"pct":100},"statements":{"total":19,"covered":16,"skipped":0,"pct":84.21},"branches":{"total":6,"covered":3,"skipped":0,"pct":50}}
,"D:\\Github\\RGBBox\\src\\main\\overlayManager.ts": {"lines":{"total":65,"covered":53,"skipped":0,"pct":81.53},"functions":{"total":14,"covered":12,"skipped":0,"pct":85.71},"statements":{"total":71,"covered":58,"skipped":0,"pct":81.69},"branches":{"total":49,"covered":35,"skipped":0,"pct":71.42}}
,"D:\\Github\\RGBBox\\src\\main\\profileStore.ts": {"lines":{"total":34,"covered":33,"skipped":0,"pct":97.05},"functions":{"total":7,"covered":7,"skipped":0,"pct":100},"statements":{"total":36,"covered":34,"skipped":0,"pct":94.44},"branches":{"total":4,"covered":2,"skipped":0,"pct":50}}
,"D:\\Github\\RGBBox\\src\\main\\screenCapture.ts": {"lines":{"total":52,"covered":51,"skipped":0,"pct":98.07},"functions":{"total":8,"covered":8,"skipped":0,"pct":100},"statements":{"total":64,"covered":62,"skipped":0,"pct":96.87},"branches":{"total":20,"covered":19,"skipped":0,"pct":95}}
,"D:\\Github\\RGBBox\\src\\main\\captureProviders\\desktopCaptureProvider.ts": {"lines":{"total":18,"covered":18,"skipped":0,"pct":100},"functions":{"total":5,"covered":5,"skipped":0,"pct":100},"statements":{"total":20,"covered":20,"skipped":0,"pct":100},"branches":{"total":14,"covered":14,"skipped":0,"pct":100}}
,"D:\\Github\\RGBBox\\src\\main\\captureProviders\\types.ts": {"lines":{"total":0,"covered":0,"skipped":0,"pct":0},"functions":{"total":0,"covered":0,"skipped":0,"pct":0},"statements":{"total":0,"covered":0,"skipped":0,"pct":0},"branches":{"total":0,"covered":0,"skipped":0,"pct":0}}
,"D:\\Github\\RGBBox\\src\\renderer\\src\\components\\CustomPaintEditor.tsx": {"lines":{"total":125,"covered":28,"skipped":0,"pct":22.4},"functions":{"total":20,"covered":5,"skipped":0,"pct":25},"statements":{"total":162,"covered":30,"skipped":0,"pct":18.51},"branches":{"total":61,"covered":10,"skipped":0,"pct":16.39}}
,"D:\\Github\\RGBBox\\src\\renderer\\src\\components\\DisplayMap.tsx": {"lines":{"total":58,"covered":22,"skipped":0,"pct":37.93},"functions":{"total":19,"covered":3,"skipped":0,"pct":15.78},"statements":{"total":62,"covered":22,"skipped":0,"pct":35.48},"branches":{"total":48,"covered":21,"skipped":0,"pct":43.75}}
,"D:\\Github\\RGBBox\\src\\renderer\\src\\components\\EffectsView.tsx": {"lines":{"total":78,"covered":45,"skipped":0,"pct":57.69},"functions":{"total":23,"covered":16,"skipped":0,"pct":69.56},"statements":{"total":87,"covered":49,"skipped":0,"pct":56.32},"branches":{"total":36,"covered":23,"skipped":0,"pct":63.88}}
,"D:\\Github\\RGBBox\\src\\renderer\\src\\components\\ImagePaintEditor.tsx": {"lines":{"total":83,"covered":21,"skipped":0,"pct":25.3},"functions":{"total":20,"covered":4,"skipped":0,"pct":20},"statements":{"total":98,"covered":22,"skipped":0,"pct":22.44},"branches":{"total":26,"covered":7,"skipped":0,"pct":26.92}}
,"D:\\Github\\RGBBox\\src\\renderer\\src\\components\\PreviewGrid.tsx": {"lines":{"total":50,"covered":35,"skipped":0,"pct":70},"functions":{"total":9,"covered":8,"skipped":0,"pct":88.88},"statements":{"total":54,"covered":37,"skipped":0,"pct":68.51},"branches":{"total":30,"covered":17,"skipped":0,"pct":56.66}}
,"D:\\Github\\RGBBox\\src\\renderer\\src\\components\\ProfileManager.tsx": {"lines":{"total":66,"covered":19,"skipped":0,"pct":28.78},"functions":{"total":22,"covered":4,"skipped":0,"pct":18.18},"statements":{"total":76,"covered":20,"skipped":0,"pct":26.31},"branches":{"total":34,"covered":7,"skipped":0,"pct":20.58}}
,"D:\\Github\\RGBBox\\src\\renderer\\src\\engine\\metricsCollector.ts": {"lines":{"total":15,"covered":15,"skipped":0,"pct":100},"functions":{"total":7,"covered":7,"skipped":0,"pct":100},"statements":{"total":20,"covered":19,"skipped":0,"pct":95},"branches":{"total":8,"covered":6,"skipped":0,"pct":75}}
,"D:\\Github\\RGBBox\\src\\renderer\\src\\hooks\\useAudioAnalyzer.ts": {"lines":{"total":116,"covered":93,"skipped":0,"pct":80.17},"functions":{"total":18,"covered":11,"skipped":0,"pct":61.11},"statements":{"total":133,"covered":103,"skipped":0,"pct":77.44},"branches":{"total":49,"covered":27,"skipped":0,"pct":55.1}}
,"D:\\Github\\RGBBox\\src\\renderer\\src\\workers\\previewEngineWorker.ts": {"lines":{"total":29,"covered":29,"skipped":0,"pct":100},"functions":{"total":5,"covered":5,"skipped":0,"pct":100},"statements":{"total":31,"covered":31,"skipped":0,"pct":100},"branches":{"total":40,"covered":34,"skipped":0,"pct":85}}
,"D:\\Github\\RGBBox\\src\\shared\\defaultProfile.ts": {"lines":{"total":7,"covered":7,"skipped":0,"pct":100},"functions":{"total":5,"covered":5,"skipped":0,"pct":100},"statements":{"total":7,"covered":7,"skipped":0,"pct":100},"branches":{"total":0,"covered":0,"skipped":0,"pct":100}}
,"D:\\Github\\RGBBox\\src\\shared\\ipc.ts": {"lines":{"total":1,"covered":1,"skipped":0,"pct":100},"functions":{"total":0,"covered":0,"skipped":0,"pct":100},"statements":{"total":1,"covered":1,"skipped":0,"pct":100},"branches":{"total":0,"covered":0,"skipped":0,"pct":100}}
,"D:\\Github\\RGBBox\\src\\shared\\logger.ts": {"lines":{"total":74,"covered":73,"skipped":0,"pct":98.64},"functions":{"total":22,"covered":22,"skipped":0,"pct":100},"statements":{"total":88,"covered":84,"skipped":0,"pct":95.45},"branches":{"total":36,"covered":29,"skipped":0,"pct":80.55}}
,"D:\\Github\\RGBBox\\src\\shared\\modelsManifest.ts": {"lines":{"total":1,"covered":1,"skipped":0,"pct":100},"functions":{"total":0,"covered":0,"skipped":0,"pct":100},"statements":{"total":1,"covered":1,"skipped":0,"pct":100},"branches":{"total":0,"covered":0,"skipped":0,"pct":100}}
,"D:\\Github\\RGBBox\\src\\shared\\types.ts": {"lines":{"total":2,"covered":2,"skipped":0,"pct":100},"functions":{"total":1,"covered":1,"skipped":0,"pct":100},"statements":{"total":2,"covered":2,"skipped":0,"pct":100},"branches":{"total":0,"covered":0,"skipped":0,"pct":100}}
}
