{"total": {"lines":{"total":8028,"covered":4974,"skipped":0,"pct":61.95},"statements":{"total":9540,"covered":5671,"skipped":0,"pct":59.44},"functions":{"total":1839,"covered":940,"skipped":0,"pct":51.11},"branches":{"total":6143,"covered":2988,"skipped":0,"pct":48.64},"branchesTrue":{"total":0,"covered":0,"skipped":0,"pct":100}}
,"D:\\Github\\RGBBox\\src\\engine\\audioMetrics.ts": {"lines":{"total":49,"covered":49,"skipped":0,"pct":100},"functions":{"total":5,"covered":5,"skipped":0,"pct":100},"statements":{"total":70,"covered":69,"skipped":0,"pct":98.57},"branches":{"total":16,"covered":15,"skipped":0,"pct":93.75}}
,"D:\\Github\\RGBBox\\src\\engine\\color.ts": {"lines":{"total":30,"covered":30,"skipped":0,"pct":100},"functions":{"total":10,"covered":10,"skipped":0,"pct":100},"statements":{"total":31,"covered":31,"skipped":0,"pct":100},"branches":{"total":19,"covered":19,"skipped":0,"pct":100}}
,"D:\\Github\\RGBBox\\src\\engine\\effects.ts": {"lines":{"total":1093,"covered":1053,"skipped":0,"pct":96.34},"functions":{"total":18,"covered":18,"skipped":0,"pct":100},"statements":{"total":1139,"covered":1085,"skipped":0,"pct":95.25},"branches":{"total":592,"covered":436,"skipped":0,"pct":73.64}}
,"D:\\Github\\RGBBox\\src\\engine\\eqResponse.ts": {"lines":{"total":64,"covered":61,"skipped":0,"pct":95.31},"functions":{"total":13,"covered":9,"skipped":0,"pct":69.23},"statements":{"total":103,"covered":96,"skipped":0,"pct":93.2},"branches":{"total":18,"covered":10,"skipped":0,"pct":55.55}}
,"D:\\Github\\RGBBox\\src\\engine\\overlayRegionFrame.ts": {"lines":{"total":15,"covered":15,"skipped":0,"pct":100},"functions":{"total":2,"covered":2,"skipped":0,"pct":100},"statements":{"total":17,"covered":17,"skipped":0,"pct":100},"branches":{"total":24,"covered":24,"skipped":0,"pct":100}}
,"D:\\Github\\RGBBox\\src\\engine\\previewEngine.ts": {"lines":{"total":57,"covered":54,"skipped":0,"pct":94.73},"functions":{"total":5,"covered":5,"skipped":0,"pct":100},"statements":{"total":62,"covered":58,"skipped":0,"pct":93.54},"branches":{"total":50,"covered":45,"skipped":0,"pct":90}}
,"D:\\Github\\RGBBox\\src\\engine\\targetDisplayAspect.ts": {"lines":{"total":9,"covered":9,"skipped":0,"pct":100},"functions":{"total":3,"covered":3,"skipped":0,"pct":100},"statements":{"total":13,"covered":13,"skipped":0,"pct":100},"branches":{"total":12,"covered":12,"skipped":0,"pct":100}}
,"D:\\Github\\RGBBox\\src\\engine\\textRenderer.ts": {"lines":{"total":32,"covered":32,"skipped":0,"pct":100},"functions":{"total":2,"covered":2,"skipped":0,"pct":100},"statements":{"total":39,"covered":39,"skipped":0,"pct":100},"branches":{"total":15,"covered":14,"skipped":0,"pct":93.33}}
,"D:\\Github\\RGBBox\\src\\engine\\videoWall.ts": {"lines":{"total":62,"covered":60,"skipped":0,"pct":96.77},"functions":{"total":9,"covered":9,"skipped":0,"pct":100},"statements":{"total":70,"covered":67,"skipped":0,"pct":95.71},"branches":{"total":37,"covered":34,"skipped":0,"pct":91.89}}
,"D:\\Github\\RGBBox\\src\\engine\\videoWallFrame.ts": {"lines":{"total":27,"covered":27,"skipped":0,"pct":100},"functions":{"total":2,"covered":2,"skipped":0,"pct":100},"statements":{"total":30,"covered":29,"skipped":0,"pct":96.66},"branches":{"total":13,"covered":10,"skipped":0,"pct":76.92}}
,"D:\\Github\\RGBBox\\src\\main\\ai8Credentials.ts": {"lines":{"total":18,"covered":18,"skipped":0,"pct":100},"functions":{"total":4,"covered":4,"skipped":0,"pct":100},"statements":{"total":19,"covered":19,"skipped":0,"pct":100},"branches":{"total":18,"covered":12,"skipped":0,"pct":66.66}}
,"D:\\Github\\RGBBox\\src\\main\\ai8Provider.ts": {"lines":{"total":41,"covered":30,"skipped":0,"pct":73.17},"functions":{"total":8,"covered":8,"skipped":0,"pct":100},"statements":{"total":50,"covered":35,"skipped":0,"pct":70},"branches":{"total":45,"covered":20,"skipped":0,"pct":44.44}}
,"D:\\Github\\RGBBox\\src\\main\\aiCleanupService.ts": {"lines":{"total":51,"covered":51,"skipped":0,"pct":100},"functions":{"total":9,"covered":9,"skipped":0,"pct":100},"statements":{"total":58,"covered":54,"skipped":0,"pct":93.1},"branches":{"total":61,"covered":55,"skipped":0,"pct":90.16}}
,"D:\\Github\\RGBBox\\src\\main\\aiProfileStore.ts": {"lines":{"total":49,"covered":49,"skipped":0,"pct":100},"functions":{"total":12,"covered":12,"skipped":0,"pct":100},"statements":{"total":59,"covered":57,"skipped":0,"pct":96.61},"branches":{"total":92,"covered":78,"skipped":0,"pct":84.78}}
,"D:\\Github\\RGBBox\\src\\main\\aiSecretCodec.ts": {"lines":{"total":9,"covered":8,"skipped":0,"pct":88.88},"functions":{"total":2,"covered":2,"skipped":0,"pct":100},"statements":{"total":12,"covered":11,"skipped":0,"pct":91.66},"branches":{"total":8,"covered":8,"skipped":0,"pct":100}}
,"D:\\Github\\RGBBox\\src\\main\\audioAiService.ts": {"lines":{"total":132,"covered":120,"skipped":0,"pct":90.9},"functions":{"total":22,"covered":20,"skipped":0,"pct":90.9},"statements":{"total":157,"covered":143,"skipped":0,"pct":91.08},"branches":{"total":44,"covered":35,"skipped":0,"pct":79.54}}
,"D:\\Github\\RGBBox\\src\\main\\awsSigv4.ts": {"lines":{"total":38,"covered":37,"skipped":0,"pct":97.36},"functions":{"total":11,"covered":11,"skipped":0,"pct":100},"statements":{"total":44,"covered":42,"skipped":0,"pct":95.45},"branches":{"total":29,"covered":27,"skipped":0,"pct":93.1}}
,"D:\\Github\\RGBBox\\src\\main\\captureStore.ts": {"lines":{"total":94,"covered":81,"skipped":0,"pct":86.17},"functions":{"total":21,"covered":21,"skipped":0,"pct":100},"statements":{"total":116,"covered":96,"skipped":0,"pct":82.75},"branches":{"total":43,"covered":34,"skipped":0,"pct":79.06}}
,"D:\\Github\\RGBBox\\src\\main\\crashLog.ts": {"lines":{"total":38,"covered":35,"skipped":0,"pct":92.1},"functions":{"total":12,"covered":9,"skipped":0,"pct":75},"statements":{"total":44,"covered":39,"skipped":0,"pct":88.63},"branches":{"total":15,"covered":12,"skipped":0,"pct":80}}
,"D:\\Github\\RGBBox\\src\\main\\denoiseProcessor.ts": {"lines":{"total":65,"covered":0,"skipped":0,"pct":0},"functions":{"total":8,"covered":0,"skipped":0,"pct":0},"statements":{"total":72,"covered":0,"skipped":0,"pct":0},"branches":{"total":24,"covered":0,"skipped":0,"pct":0}}
,"D:\\Github\\RGBBox\\src\\main\\denoiseService.ts": {"lines":{"total":46,"covered":7,"skipped":0,"pct":15.21},"functions":{"total":16,"covered":2,"skipped":0,"pct":12.5},"statements":{"total":68,"covered":10,"skipped":0,"pct":14.7},"branches":{"total":31,"covered":1,"skipped":0,"pct":3.22}}
,"D:\\Github\\RGBBox\\src\\main\\displayTopology.ts": {"lines":{"total":14,"covered":11,"skipped":0,"pct":78.57},"functions":{"total":9,"covered":9,"skipped":0,"pct":100},"statements":{"total":19,"covered":16,"skipped":0,"pct":84.21},"branches":{"total":6,"covered":3,"skipped":0,"pct":50}}
,"D:\\Github\\RGBBox\\src\\main\\mediaProtocol.ts": {"lines":{"total":28,"covered":28,"skipped":0,"pct":100},"functions":{"total":7,"covered":7,"skipped":0,"pct":100},"statements":{"total":36,"covered":36,"skipped":0,"pct":100},"branches":{"total":41,"covered":40,"skipped":0,"pct":97.56}}
,"D:\\Github\\RGBBox\\src\\main\\ocrService.ts": {"lines":{"total":43,"covered":37,"skipped":0,"pct":86.04},"functions":{"total":9,"covered":6,"skipped":0,"pct":66.66},"statements":{"total":51,"covered":42,"skipped":0,"pct":82.35},"branches":{"total":25,"covered":20,"skipped":0,"pct":80}}
,"D:\\Github\\RGBBox\\src\\main\\overlayManager.ts": {"lines":{"total":99,"covered":51,"skipped":0,"pct":51.51},"functions":{"total":25,"covered":13,"skipped":0,"pct":52},"statements":{"total":114,"covered":56,"skipped":0,"pct":49.12},"branches":{"total":74,"covered":32,"skipped":0,"pct":43.24}}
,"D:\\Github\\RGBBox\\src\\main\\perfSelfTest.ts": {"lines":{"total":127,"covered":0,"skipped":0,"pct":0},"functions":{"total":24,"covered":0,"skipped":0,"pct":0},"statements":{"total":145,"covered":0,"skipped":0,"pct":0},"branches":{"total":90,"covered":0,"skipped":0,"pct":0}}
,"D:\\Github\\RGBBox\\src\\main\\profileStore.ts": {"lines":{"total":34,"covered":33,"skipped":0,"pct":97.05},"functions":{"total":7,"covered":7,"skipped":0,"pct":100},"statements":{"total":36,"covered":34,"skipped":0,"pct":94.44},"branches":{"total":4,"covered":2,"skipped":0,"pct":50}}
,"D:\\Github\\RGBBox\\src\\main\\rapidOcrPure.ts": {"lines":{"total":93,"covered":93,"skipped":0,"pct":100},"functions":{"total":11,"covered":11,"skipped":0,"pct":100},"statements":{"total":127,"covered":125,"skipped":0,"pct":98.42},"branches":{"total":61,"covered":58,"skipped":0,"pct":95.08}}
,"D:\\Github\\RGBBox\\src\\main\\rapidOcrService.ts": {"lines":{"total":103,"covered":0,"skipped":0,"pct":0},"functions":{"total":15,"covered":0,"skipped":0,"pct":0},"statements":{"total":119,"covered":0,"skipped":0,"pct":0},"branches":{"total":71,"covered":0,"skipped":0,"pct":0}}
,"D:\\Github\\RGBBox\\src\\main\\screenCapture.ts": {"lines":{"total":52,"covered":51,"skipped":0,"pct":98.07},"functions":{"total":8,"covered":8,"skipped":0,"pct":100},"statements":{"total":64,"covered":62,"skipped":0,"pct":96.87},"branches":{"total":20,"covered":19,"skipped":0,"pct":95}}
,"D:\\Github\\RGBBox\\src\\main\\screensaverManager.ts": {"lines":{"total":112,"covered":16,"skipped":0,"pct":14.28},"functions":{"total":25,"covered":2,"skipped":0,"pct":8},"statements":{"total":129,"covered":19,"skipped":0,"pct":14.72},"branches":{"total":75,"covered":14,"skipped":0,"pct":18.66}}
,"D:\\Github\\RGBBox\\src\\main\\shutdownScheduler.ts": {"lines":{"total":40,"covered":3,"skipped":0,"pct":7.5},"functions":{"total":10,"covered":3,"skipped":0,"pct":30},"statements":{"total":42,"covered":3,"skipped":0,"pct":7.14},"branches":{"total":24,"covered":4,"skipped":0,"pct":16.66}}
,"D:\\Github\\RGBBox\\src\\main\\snipManager.ts": {"lines":{"total":210,"covered":26,"skipped":0,"pct":12.38},"functions":{"total":50,"covered":7,"skipped":0,"pct":14},"statements":{"total":267,"covered":28,"skipped":0,"pct":10.48},"branches":{"total":126,"covered":2,"skipped":0,"pct":1.58}}
,"D:\\Github\\RGBBox\\src\\main\\systemSettingsStore.ts": {"lines":{"total":11,"covered":2,"skipped":0,"pct":18.18},"functions":{"total":2,"covered":0,"skipped":0,"pct":0},"statements":{"total":11,"covered":2,"skipped":0,"pct":18.18},"branches":{"total":0,"covered":0,"skipped":0,"pct":100}}
,"D:\\Github\\RGBBox\\src\\main\\trayMenu.ts": {"lines":{"total":2,"covered":2,"skipped":0,"pct":100},"functions":{"total":2,"covered":2,"skipped":0,"pct":100},"statements":{"total":2,"covered":2,"skipped":0,"pct":100},"branches":{"total":4,"covered":4,"skipped":0,"pct":100}}
,"D:\\Github\\RGBBox\\src\\main\\audio\\melSpectrogram.ts": {"lines":{"total":106,"covered":106,"skipped":0,"pct":100},"functions":{"total":9,"covered":9,"skipped":0,"pct":100},"statements":{"total":134,"covered":132,"skipped":0,"pct":98.5},"branches":{"total":25,"covered":22,"skipped":0,"pct":88}}
,"D:\\Github\\RGBBox\\src\\main\\captureProviders\\desktopCaptureProvider.ts": {"lines":{"total":18,"covered":18,"skipped":0,"pct":100},"functions":{"total":5,"covered":5,"skipped":0,"pct":100},"statements":{"total":20,"covered":20,"skipped":0,"pct":100},"branches":{"total":14,"covered":14,"skipped":0,"pct":100}}
,"D:\\Github\\RGBBox\\src\\main\\captureProviders\\types.ts": {"lines":{"total":0,"covered":0,"skipped":0,"pct":0},"functions":{"total":0,"covered":0,"skipped":0,"pct":0},"statements":{"total":0,"covered":0,"skipped":0,"pct":0},"branches":{"total":0,"covered":0,"skipped":0,"pct":0}}
,"D:\\Github\\RGBBox\\src\\renderer\\src\\components\\AiLabAi8Tab.tsx": {"lines":{"total":673,"covered":5,"skipped":0,"pct":0.74},"functions":{"total":198,"covered":0,"skipped":0,"pct":0},"statements":{"total":795,"covered":5,"skipped":0,"pct":0.62},"branches":{"total":602,"covered":0,"skipped":0,"pct":0}}
,"D:\\Github\\RGBBox\\src\\renderer\\src\\components\\AiLabAudioTab.tsx": {"lines":{"total":90,"covered":62,"skipped":0,"pct":68.88},"functions":{"total":24,"covered":12,"skipped":0,"pct":50},"statements":{"total":107,"covered":68,"skipped":0,"pct":63.55},"branches":{"total":119,"covered":75,"skipped":0,"pct":63.02}}
,"D:\\Github\\RGBBox\\src\\renderer\\src\\components\\AiLabView.tsx": {"lines":{"total":168,"covered":145,"skipped":0,"pct":86.3},"functions":{"total":72,"covered":60,"skipped":0,"pct":83.33},"statements":{"total":214,"covered":175,"skipped":0,"pct":81.77},"branches":{"total":198,"covered":145,"skipped":0,"pct":73.23}}
,"D:\\Github\\RGBBox\\src\\renderer\\src\\components\\AiLabVisionTab.tsx": {"lines":{"total":156,"covered":149,"skipped":0,"pct":95.51},"functions":{"total":61,"covered":56,"skipped":0,"pct":91.8},"statements":{"total":192,"covered":179,"skipped":0,"pct":93.22},"branches":{"total":251,"covered":220,"skipped":0,"pct":87.64}}
,"D:\\Github\\RGBBox\\src\\renderer\\src\\components\\AiListenOverlay.tsx": {"lines":{"total":37,"covered":2,"skipped":0,"pct":5.4},"functions":{"total":8,"covered":0,"skipped":0,"pct":0},"statements":{"total":41,"covered":2,"skipped":0,"pct":4.87},"branches":{"total":61,"covered":0,"skipped":0,"pct":0}}
,"D:\\Github\\RGBBox\\src\\renderer\\src\\components\\AppShell.tsx": {"lines":{"total":17,"covered":17,"skipped":0,"pct":100},"functions":{"total":7,"covered":7,"skipped":0,"pct":100},"statements":{"total":20,"covered":20,"skipped":0,"pct":100},"branches":{"total":19,"covered":19,"skipped":0,"pct":100}}
,"D:\\Github\\RGBBox\\src\\renderer\\src\\components\\AudioMeters.tsx": {"lines":{"total":8,"covered":8,"skipped":0,"pct":100},"functions":{"total":3,"covered":3,"skipped":0,"pct":100},"statements":{"total":9,"covered":9,"skipped":0,"pct":100},"branches":{"total":0,"covered":0,"skipped":0,"pct":100}}
,"D:\\Github\\RGBBox\\src\\renderer\\src\\components\\AudioVizProjector.tsx": {"lines":{"total":38,"covered":0,"skipped":0,"pct":0},"functions":{"total":10,"covered":0,"skipped":0,"pct":0},"statements":{"total":46,"covered":0,"skipped":0,"pct":0},"branches":{"total":22,"covered":0,"skipped":0,"pct":0}}
,"D:\\Github\\RGBBox\\src\\renderer\\src\\components\\CaptureFilmstrip.tsx": {"lines":{"total":27,"covered":25,"skipped":0,"pct":92.59},"functions":{"total":13,"covered":11,"skipped":0,"pct":84.61},"statements":{"total":33,"covered":29,"skipped":0,"pct":87.87},"branches":{"total":18,"covered":14,"skipped":0,"pct":77.77}}
,"D:\\Github\\RGBBox\\src\\renderer\\src\\components\\CustomPaintEditor.tsx": {"lines":{"total":125,"covered":28,"skipped":0,"pct":22.4},"functions":{"total":20,"covered":5,"skipped":0,"pct":25},"statements":{"total":162,"covered":30,"skipped":0,"pct":18.51},"branches":{"total":61,"covered":10,"skipped":0,"pct":16.39}}
,"D:\\Github\\RGBBox\\src\\renderer\\src\\components\\DashboardView.tsx": {"lines":{"total":10,"covered":9,"skipped":0,"pct":90},"functions":{"total":6,"covered":5,"skipped":0,"pct":83.33},"statements":{"total":11,"covered":10,"skipped":0,"pct":90.9},"branches":{"total":16,"covered":14,"skipped":0,"pct":87.5}}
,"D:\\Github\\RGBBox\\src\\renderer\\src\\components\\DiagnosticsView.tsx": {"lines":{"total":25,"covered":0,"skipped":0,"pct":0},"functions":{"total":15,"covered":0,"skipped":0,"pct":0},"statements":{"total":32,"covered":0,"skipped":0,"pct":0},"branches":{"total":46,"covered":0,"skipped":0,"pct":0}}
,"D:\\Github\\RGBBox\\src\\renderer\\src\\components\\DisplayMap.tsx": {"lines":{"total":60,"covered":23,"skipped":0,"pct":38.33},"functions":{"total":19,"covered":3,"skipped":0,"pct":15.78},"statements":{"total":64,"covered":23,"skipped":0,"pct":35.93},"branches":{"total":48,"covered":21,"skipped":0,"pct":43.75}}
,"D:\\Github\\RGBBox\\src\\renderer\\src\\components\\EffectsView.tsx": {"lines":{"total":131,"covered":44,"skipped":0,"pct":33.58},"functions":{"total":35,"covered":18,"skipped":0,"pct":51.42},"statements":{"total":148,"covered":50,"skipped":0,"pct":33.78},"branches":{"total":64,"covered":22,"skipped":0,"pct":34.37}}
,"D:\\Github\\RGBBox\\src\\renderer\\src\\components\\ImagePaintEditor.tsx": {"lines":{"total":83,"covered":21,"skipped":0,"pct":25.3},"functions":{"total":20,"covered":4,"skipped":0,"pct":20},"statements":{"total":98,"covered":22,"skipped":0,"pct":22.44},"branches":{"total":26,"covered":7,"skipped":0,"pct":26.92}}
,"D:\\Github\\RGBBox\\src\\renderer\\src\\components\\Model3DView.tsx": {"lines":{"total":25,"covered":2,"skipped":0,"pct":8},"functions":{"total":13,"covered":0,"skipped":0,"pct":0},"statements":{"total":32,"covered":2,"skipped":0,"pct":6.25},"branches":{"total":30,"covered":0,"skipped":0,"pct":0}}
,"D:\\Github\\RGBBox\\src\\renderer\\src\\components\\ModuleRail.tsx": {"lines":{"total":8,"covered":8,"skipped":0,"pct":100},"functions":{"total":4,"covered":4,"skipped":0,"pct":100},"statements":{"total":9,"covered":9,"skipped":0,"pct":100},"branches":{"total":8,"covered":6,"skipped":0,"pct":75}}
,"D:\\Github\\RGBBox\\src\\renderer\\src\\components\\PreviewGrid.tsx": {"lines":{"total":82,"covered":54,"skipped":0,"pct":65.85},"functions":{"total":12,"covered":11,"skipped":0,"pct":91.66},"statements":{"total":87,"covered":57,"skipped":0,"pct":65.51},"branches":{"total":45,"covered":21,"skipped":0,"pct":46.66}}
,"D:\\Github\\RGBBox\\src\\renderer\\src\\components\\ProfileManager.tsx": {"lines":{"total":66,"covered":19,"skipped":0,"pct":28.78},"functions":{"total":22,"covered":4,"skipped":0,"pct":18.18},"statements":{"total":76,"covered":20,"skipped":0,"pct":26.31},"branches":{"total":34,"covered":7,"skipped":0,"pct":20.58}}
,"D:\\Github\\RGBBox\\src\\renderer\\src\\components\\ScreensaverView.tsx": {"lines":{"total":57,"covered":0,"skipped":0,"pct":0},"functions":{"total":13,"covered":0,"skipped":0,"pct":0},"statements":{"total":65,"covered":0,"skipped":0,"pct":0},"branches":{"total":28,"covered":0,"skipped":0,"pct":0}}
,"D:\\Github\\RGBBox\\src\\renderer\\src\\components\\SettingsView.tsx": {"lines":{"total":11,"covered":11,"skipped":0,"pct":100},"functions":{"total":10,"covered":10,"skipped":0,"pct":100},"statements":{"total":11,"covered":11,"skipped":0,"pct":100},"branches":{"total":12,"covered":8,"skipped":0,"pct":66.66}}
,"D:\\Github\\RGBBox\\src\\renderer\\src\\components\\ShutdownTimerPanel.tsx": {"lines":{"total":24,"covered":1,"skipped":0,"pct":4.16},"functions":{"total":8,"covered":0,"skipped":0,"pct":0},"statements":{"total":28,"covered":1,"skipped":0,"pct":3.57},"branches":{"total":30,"covered":0,"skipped":0,"pct":0}}
,"D:\\Github\\RGBBox\\src\\renderer\\src\\components\\SnipView.tsx": {"lines":{"total":89,"covered":85,"skipped":0,"pct":95.5},"functions":{"total":26,"covered":24,"skipped":0,"pct":92.3},"statements":{"total":101,"covered":93,"skipped":0,"pct":92.07},"branches":{"total":69,"covered":56,"skipped":0,"pct":81.15}}
,"D:\\Github\\RGBBox\\src\\renderer\\src\\components\\VideoWallEditor.tsx": {"lines":{"total":55,"covered":55,"skipped":0,"pct":100},"functions":{"total":24,"covered":24,"skipped":0,"pct":100},"statements":{"total":63,"covered":62,"skipped":0,"pct":98.41},"branches":{"total":30,"covered":27,"skipped":0,"pct":90}}
,"D:\\Github\\RGBBox\\src\\renderer\\src\\components\\WorkspaceView.tsx": {"lines":{"total":115,"covered":0,"skipped":0,"pct":0},"functions":{"total":86,"covered":0,"skipped":0,"pct":0},"statements":{"total":133,"covered":0,"skipped":0,"pct":0},"branches":{"total":228,"covered":0,"skipped":0,"pct":0}}
,"D:\\Github\\RGBBox\\src\\renderer\\src\\components\\shellModules.ts": {"lines":{"total":8,"covered":7,"skipped":0,"pct":87.5},"functions":{"total":1,"covered":1,"skipped":0,"pct":100},"statements":{"total":10,"covered":9,"skipped":0,"pct":90},"branches":{"total":4,"covered":3,"skipped":0,"pct":75}}
,"D:\\Github\\RGBBox\\src\\renderer\\src\\components\\video\\AnnotateOverlay.tsx": {"lines":{"total":460,"covered":299,"skipped":0,"pct":65},"functions":{"total":143,"covered":82,"skipped":0,"pct":57.34},"statements":{"total":603,"covered":355,"skipped":0,"pct":58.87},"branches":{"total":519,"covered":233,"skipped":0,"pct":44.89}}
,"D:\\Github\\RGBBox\\src\\renderer\\src\\components\\video\\MiniPlayerCard.tsx": {"lines":{"total":100,"covered":42,"skipped":0,"pct":42},"functions":{"total":23,"covered":10,"skipped":0,"pct":43.47},"statements":{"total":119,"covered":48,"skipped":0,"pct":40.33},"branches":{"total":72,"covered":24,"skipped":0,"pct":33.33}}
,"D:\\Github\\RGBBox\\src\\renderer\\src\\components\\video\\PreviewZoomBar.tsx": {"lines":{"total":3,"covered":3,"skipped":0,"pct":100},"functions":{"total":2,"covered":2,"skipped":0,"pct":100},"statements":{"total":3,"covered":3,"skipped":0,"pct":100},"branches":{"total":0,"covered":0,"skipped":0,"pct":100}}
,"D:\\Github\\RGBBox\\src\\renderer\\src\\components\\video\\RegionSnipOverlay.tsx": {"lines":{"total":77,"covered":55,"skipped":0,"pct":71.42},"functions":{"total":14,"covered":12,"skipped":0,"pct":85.71},"statements":{"total":96,"covered":65,"skipped":0,"pct":67.7},"branches":{"total":71,"covered":29,"skipped":0,"pct":40.84}}
,"D:\\Github\\RGBBox\\src\\renderer\\src\\components\\video\\annotationModel.ts": {"lines":{"total":132,"covered":124,"skipped":0,"pct":93.93},"functions":{"total":24,"covered":24,"skipped":0,"pct":100},"statements":{"total":188,"covered":166,"skipped":0,"pct":88.29},"branches":{"total":181,"covered":140,"skipped":0,"pct":77.34}}
,"D:\\Github\\RGBBox\\src\\renderer\\src\\components\\video\\annotationRender.ts": {"lines":{"total":131,"covered":90,"skipped":0,"pct":68.7},"functions":{"total":10,"covered":10,"skipped":0,"pct":100},"statements":{"total":161,"covered":104,"skipped":0,"pct":64.59},"branches":{"total":99,"covered":53,"skipped":0,"pct":53.53}}
,"D:\\Github\\RGBBox\\src\\renderer\\src\\components\\video\\audioEnhance.ts": {"lines":{"total":4,"covered":4,"skipped":0,"pct":100},"functions":{"total":2,"covered":2,"skipped":0,"pct":100},"statements":{"total":4,"covered":4,"skipped":0,"pct":100},"branches":{"total":2,"covered":2,"skipped":0,"pct":100}}
,"D:\\Github\\RGBBox\\src\\renderer\\src\\components\\video\\denoiseWorkletSource.ts": {"lines":{"total":1,"covered":1,"skipped":0,"pct":100},"functions":{"total":0,"covered":0,"skipped":0,"pct":100},"statements":{"total":1,"covered":1,"skipped":0,"pct":100},"branches":{"total":0,"covered":0,"skipped":0,"pct":100}}
,"D:\\Github\\RGBBox\\src\\renderer\\src\\components\\video\\frameCapture.ts": {"lines":{"total":30,"covered":13,"skipped":0,"pct":43.33},"functions":{"total":3,"covered":2,"skipped":0,"pct":66.66},"statements":{"total":34,"covered":15,"skipped":0,"pct":44.11},"branches":{"total":12,"covered":1,"skipped":0,"pct":8.33}}
,"D:\\Github\\RGBBox\\src\\renderer\\src\\components\\video\\playlistProgress.ts": {"lines":{"total":15,"covered":15,"skipped":0,"pct":100},"functions":{"total":3,"covered":3,"skipped":0,"pct":100},"statements":{"total":18,"covered":18,"skipped":0,"pct":100},"branches":{"total":24,"covered":23,"skipped":0,"pct":95.83}}
,"D:\\Github\\RGBBox\\src\\renderer\\src\\components\\video\\previewTransform.ts": {"lines":{"total":32,"covered":32,"skipped":0,"pct":100},"functions":{"total":11,"covered":11,"skipped":0,"pct":100},"statements":{"total":33,"covered":33,"skipped":0,"pct":100},"branches":{"total":7,"covered":6,"skipped":0,"pct":85.71}}
,"D:\\Github\\RGBBox\\src\\renderer\\src\\components\\video\\usePreviewZoom.ts": {"lines":{"total":96,"covered":78,"skipped":0,"pct":81.25},"functions":{"total":22,"covered":17,"skipped":0,"pct":77.27},"statements":{"total":114,"covered":90,"skipped":0,"pct":78.94},"branches":{"total":64,"covered":41,"skipped":0,"pct":64.06}}
,"D:\\Github\\RGBBox\\src\\renderer\\src\\components\\video\\useVideoAudioEnhance.ts": {"lines":{"total":129,"covered":48,"skipped":0,"pct":37.2},"functions":{"total":20,"covered":9,"skipped":0,"pct":45},"statements":{"total":159,"covered":55,"skipped":0,"pct":34.59},"branches":{"total":67,"covered":18,"skipped":0,"pct":26.86}}
,"D:\\Github\\RGBBox\\src\\renderer\\src\\components\\vision\\VisionAssistant.tsx": {"lines":{"total":68,"covered":46,"skipped":0,"pct":67.64},"functions":{"total":18,"covered":11,"skipped":0,"pct":61.11},"statements":{"total":90,"covered":56,"skipped":0,"pct":62.22},"branches":{"total":99,"covered":62,"skipped":0,"pct":62.62}}
,"D:\\Github\\RGBBox\\src\\renderer\\src\\components\\vision\\VisionBanner.tsx": {"lines":{"total":23,"covered":23,"skipped":0,"pct":100},"functions":{"total":5,"covered":5,"skipped":0,"pct":100},"statements":{"total":26,"covered":26,"skipped":0,"pct":100},"branches":{"total":38,"covered":32,"skipped":0,"pct":84.21}}
,"D:\\Github\\RGBBox\\src\\renderer\\src\\components\\vision\\VisionCursor.tsx": {"lines":{"total":66,"covered":62,"skipped":0,"pct":93.93},"functions":{"total":5,"covered":5,"skipped":0,"pct":100},"statements":{"total":69,"covered":64,"skipped":0,"pct":92.75},"branches":{"total":51,"covered":29,"skipped":0,"pct":56.86}}
,"D:\\Github\\RGBBox\\src\\renderer\\src\\components\\vision\\VisionPad.tsx": {"lines":{"total":188,"covered":160,"skipped":0,"pct":85.1},"functions":{"total":14,"covered":12,"skipped":0,"pct":85.71},"statements":{"total":201,"covered":167,"skipped":0,"pct":83.08},"branches":{"total":102,"covered":76,"skipped":0,"pct":74.5}}
,"D:\\Github\\RGBBox\\src\\renderer\\src\\engine\\frameAge.ts": {"lines":{"total":4,"covered":4,"skipped":0,"pct":100},"functions":{"total":1,"covered":1,"skipped":0,"pct":100},"statements":{"total":7,"covered":7,"skipped":0,"pct":100},"branches":{"total":6,"covered":6,"skipped":0,"pct":100}}
,"D:\\Github\\RGBBox\\src\\renderer\\src\\engine\\metricsCollector.ts": {"lines":{"total":15,"covered":15,"skipped":0,"pct":100},"functions":{"total":7,"covered":7,"skipped":0,"pct":100},"statements":{"total":20,"covered":19,"skipped":0,"pct":95},"branches":{"total":8,"covered":6,"skipped":0,"pct":75}}
,"D:\\Github\\RGBBox\\src\\renderer\\src\\hooks\\tabNavigation.ts": {"lines":{"total":9,"covered":9,"skipped":0,"pct":100},"functions":{"total":5,"covered":5,"skipped":0,"pct":100},"statements":{"total":10,"covered":10,"skipped":0,"pct":100},"branches":{"total":14,"covered":13,"skipped":0,"pct":92.85}}
,"D:\\Github\\RGBBox\\src\\renderer\\src\\hooks\\useAiAudioStream.ts": {"lines":{"total":44,"covered":23,"skipped":0,"pct":52.27},"functions":{"total":15,"covered":6,"skipped":0,"pct":40},"statements":{"total":58,"covered":24,"skipped":0,"pct":41.37},"branches":{"total":36,"covered":3,"skipped":0,"pct":8.33}}
,"D:\\Github\\RGBBox\\src\\renderer\\src\\hooks\\useAudioAnalyzer.ts": {"lines":{"total":104,"covered":102,"skipped":0,"pct":98.07},"functions":{"total":18,"covered":15,"skipped":0,"pct":83.33},"statements":{"total":123,"covered":113,"skipped":0,"pct":91.86},"branches":{"total":33,"covered":26,"skipped":0,"pct":78.78}}
,"D:\\Github\\RGBBox\\src\\renderer\\src\\hooks\\useEngineLoop.ts": {"lines":{"total":85,"covered":4,"skipped":0,"pct":4.7},"functions":{"total":16,"covered":2,"skipped":0,"pct":12.5},"statements":{"total":104,"covered":5,"skipped":0,"pct":4.8},"branches":{"total":65,"covered":3,"skipped":0,"pct":4.61}}
,"D:\\Github\\RGBBox\\src\\renderer\\src\\hooks\\usePersistedState.ts": {"lines":{"total":16,"covered":14,"skipped":0,"pct":87.5},"functions":{"total":6,"covered":6,"skipped":0,"pct":100},"statements":{"total":18,"covered":16,"skipped":0,"pct":88.88},"branches":{"total":12,"covered":5,"skipped":0,"pct":41.66}}
,"D:\\Github\\RGBBox\\src\\renderer\\src\\hooks\\useVisionInput.ts": {"lines":{"total":154,"covered":142,"skipped":0,"pct":92.2},"functions":{"total":27,"covered":21,"skipped":0,"pct":77.77},"statements":{"total":173,"covered":154,"skipped":0,"pct":89.01},"branches":{"total":79,"covered":62,"skipped":0,"pct":78.48}}
,"D:\\Github\\RGBBox\\src\\renderer\\src\\hooks\\visionAssetBase.ts": {"lines":{"total":1,"covered":1,"skipped":0,"pct":100},"functions":{"total":1,"covered":1,"skipped":0,"pct":100},"statements":{"total":1,"covered":1,"skipped":0,"pct":100},"branches":{"total":3,"covered":3,"skipped":0,"pct":100}}
,"D:\\Github\\RGBBox\\src\\renderer\\src\\hooks\\domains\\useAutomationDomain.ts": {"lines":{"total":14,"covered":11,"skipped":0,"pct":78.57},"functions":{"total":10,"covered":7,"skipped":0,"pct":70},"statements":{"total":20,"covered":15,"skipped":0,"pct":75},"branches":{"total":8,"covered":3,"skipped":0,"pct":37.5}}
,"D:\\Github\\RGBBox\\src\\renderer\\src\\hooks\\domains\\useLayerActions.ts": {"lines":{"total":45,"covered":11,"skipped":0,"pct":24.44},"functions":{"total":26,"covered":1,"skipped":0,"pct":3.84},"statements":{"total":60,"covered":11,"skipped":0,"pct":18.33},"branches":{"total":36,"covered":0,"skipped":0,"pct":0}}
,"D:\\Github\\RGBBox\\src\\renderer\\src\\hooks\\domains\\useOverlayTopology.ts": {"lines":{"total":37,"covered":22,"skipped":0,"pct":59.45},"functions":{"total":19,"covered":7,"skipped":0,"pct":36.84},"statements":{"total":46,"covered":24,"skipped":0,"pct":52.17},"branches":{"total":8,"covered":2,"skipped":0,"pct":25}}
,"D:\\Github\\RGBBox\\src\\renderer\\src\\hooks\\domains\\useProfileManager.ts": {"lines":{"total":105,"covered":26,"skipped":0,"pct":24.76},"functions":{"total":29,"covered":3,"skipped":0,"pct":10.34},"statements":{"total":133,"covered":28,"skipped":0,"pct":21.05},"branches":{"total":66,"covered":3,"skipped":0,"pct":4.54}}
,"D:\\Github\\RGBBox\\src\\renderer\\src\\hooks\\domains\\useRandomizerDomain.ts": {"lines":{"total":42,"covered":17,"skipped":0,"pct":40.47},"functions":{"total":17,"covered":9,"skipped":0,"pct":52.94},"statements":{"total":55,"covered":23,"skipped":0,"pct":41.81},"branches":{"total":26,"covered":2,"skipped":0,"pct":7.69}}
,"D:\\Github\\RGBBox\\src\\renderer\\src\\hooks\\domains\\useSamplingDomain.ts": {"lines":{"total":77,"covered":33,"skipped":0,"pct":42.85},"functions":{"total":34,"covered":12,"skipped":0,"pct":35.29},"statements":{"total":98,"covered":41,"skipped":0,"pct":41.83},"branches":{"total":48,"covered":9,"skipped":0,"pct":18.75}}
,"D:\\Github\\RGBBox\\src\\renderer\\src\\hooks\\domains\\useScheduleDomain.ts": {"lines":{"total":19,"covered":16,"skipped":0,"pct":84.21},"functions":{"total":13,"covered":9,"skipped":0,"pct":69.23},"statements":{"total":29,"covered":22,"skipped":0,"pct":75.86},"branches":{"total":8,"covered":3,"skipped":0,"pct":37.5}}
,"D:\\Github\\RGBBox\\src\\renderer\\src\\hooks\\domains\\useSettingsMirror.ts": {"lines":{"total":19,"covered":14,"skipped":0,"pct":73.68},"functions":{"total":13,"covered":5,"skipped":0,"pct":38.46},"statements":{"total":21,"covered":15,"skipped":0,"pct":71.42},"branches":{"total":0,"covered":0,"skipped":0,"pct":100}}
,"D:\\Github\\RGBBox\\src\\renderer\\src\\hooks\\domains\\useShutdownTimer.ts": {"lines":{"total":26,"covered":12,"skipped":0,"pct":46.15},"functions":{"total":12,"covered":4,"skipped":0,"pct":33.33},"statements":{"total":30,"covered":13,"skipped":0,"pct":43.33},"branches":{"total":17,"covered":5,"skipped":0,"pct":29.41}}
,"D:\\Github\\RGBBox\\src\\renderer\\src\\workers\\previewEngineWorker.ts": {"lines":{"total":29,"covered":29,"skipped":0,"pct":100},"functions":{"total":5,"covered":5,"skipped":0,"pct":100},"statements":{"total":31,"covered":31,"skipped":0,"pct":100},"branches":{"total":40,"covered":34,"skipped":0,"pct":85}}
,"D:\\Github\\RGBBox\\src\\shared\\ai8Client.ts": {"lines":{"total":155,"covered":120,"skipped":0,"pct":77.41},"functions":{"total":63,"covered":43,"skipped":0,"pct":68.25},"statements":{"total":193,"covered":150,"skipped":0,"pct":77.72},"branches":{"total":204,"covered":153,"skipped":0,"pct":75}}
,"D:\\Github\\RGBBox\\src\\shared\\aiChatValidation.ts": {"lines":{"total":12,"covered":12,"skipped":0,"pct":100},"functions":{"total":1,"covered":1,"skipped":0,"pct":100},"statements":{"total":16,"covered":15,"skipped":0,"pct":93.75},"branches":{"total":17,"covered":16,"skipped":0,"pct":94.11}}
,"D:\\Github\\RGBBox\\src\\shared\\aiProviders.ts": {"lines":{"total":8,"covered":8,"skipped":0,"pct":100},"functions":{"total":3,"covered":3,"skipped":0,"pct":100},"statements":{"total":9,"covered":9,"skipped":0,"pct":100},"branches":{"total":8,"covered":8,"skipped":0,"pct":100}}
,"D:\\Github\\RGBBox\\src\\shared\\defaultProfile.ts": {"lines":{"total":10,"covered":10,"skipped":0,"pct":100},"functions":{"total":5,"covered":5,"skipped":0,"pct":100},"statements":{"total":10,"covered":10,"skipped":0,"pct":100},"branches":{"total":0,"covered":0,"skipped":0,"pct":100}}
,"D:\\Github\\RGBBox\\src\\shared\\dtlnDsp.ts": {"lines":{"total":55,"covered":55,"skipped":0,"pct":100},"functions":{"total":6,"covered":6,"skipped":0,"pct":100},"statements":{"total":74,"covered":73,"skipped":0,"pct":98.64},"branches":{"total":10,"covered":9,"skipped":0,"pct":90}}
,"D:\\Github\\RGBBox\\src\\shared\\ipc.ts": {"lines":{"total":1,"covered":1,"skipped":0,"pct":100},"functions":{"total":0,"covered":0,"skipped":0,"pct":100},"statements":{"total":1,"covered":1,"skipped":0,"pct":100},"branches":{"total":0,"covered":0,"skipped":0,"pct":100}}
,"D:\\Github\\RGBBox\\src\\shared\\logger.ts": {"lines":{"total":74,"covered":73,"skipped":0,"pct":98.64},"functions":{"total":22,"covered":22,"skipped":0,"pct":100},"statements":{"total":88,"covered":84,"skipped":0,"pct":95.45},"branches":{"total":36,"covered":29,"skipped":0,"pct":80.55}}
,"D:\\Github\\RGBBox\\src\\shared\\modelsManifest.ts": {"lines":{"total":1,"covered":1,"skipped":0,"pct":100},"functions":{"total":0,"covered":0,"skipped":0,"pct":100},"statements":{"total":1,"covered":1,"skipped":0,"pct":100},"branches":{"total":0,"covered":0,"skipped":0,"pct":100}}
,"D:\\Github\\RGBBox\\src\\shared\\snipHotkeys.ts": {"lines":{"total":2,"covered":2,"skipped":0,"pct":100},"functions":{"total":1,"covered":1,"skipped":0,"pct":100},"statements":{"total":2,"covered":2,"skipped":0,"pct":100},"branches":{"total":0,"covered":0,"skipped":0,"pct":100}}
,"D:\\Github\\RGBBox\\src\\shared\\timeFormat.ts": {"lines":{"total":6,"covered":6,"skipped":0,"pct":100},"functions":{"total":1,"covered":1,"skipped":0,"pct":100},"statements":{"total":8,"covered":8,"skipped":0,"pct":100},"branches":{"total":6,"covered":6,"skipped":0,"pct":100}}
,"D:\\Github\\RGBBox\\src\\shared\\types.ts": {"lines":{"total":5,"covered":3,"skipped":0,"pct":60},"functions":{"total":2,"covered":1,"skipped":0,"pct":50},"statements":{"total":6,"covered":3,"skipped":0,"pct":50},"branches":{"total":6,"covered":0,"skipped":0,"pct":0}}
}
